app/build/outputs/logs/manifest-merger-debug-report.txt
-- Merging decision tree log ---
manifest
ADDED from src\main\AndroidManifest.xml:1:1-251:12
	package
		ADDED from src\main\AndroidManifest.xml:2:5-41
		INJECTED from src\main\AndroidManifest.xml
		INJECTED from src\main\AndroidManifest.xml
	android:versionName
		ADDED from src\main\AndroidManifest.xml:4:5-30
		INJECTED from src\main\AndroidManifest.xml
		INJECTED from src\main\AndroidManifest.xml
	android:versionCode
		ADDED from src\main\AndroidManifest.xml:3:5-28
		INJECTED from src\main\AndroidManifest.xml
		INJECTED from src\main\AndroidManifest.xml
	xmlns:android
		ADDED from src\main\AndroidManifest.xml:1:11-69
uses-sdk
ADDED from src\main\AndroidManifest.xml:6:5-9:41
MERGED from [com.android.support:appcompat-v7:26.0.0-alpha1] AndroidManifest.xml:21:5-23:78
MERGED from [com.android.support:support-v4:26.0.0-alpha1] AndroidManifest.xml:21:5-23:54
MERGED from [com.android.support:support-media-compat:26.0.0-alpha1] AndroidManifest.xml:21:5-23:63
MERGED from [com.android.support:support-fragment:26.0.0-alpha1] AndroidManifest.xml:21:5-23:60
MERGED from [com.android.support:support-core-ui:26.0.0-alpha1] AndroidManifest.xml:21:5-23:58
MERGED from [com.android.support:support-core-utils:26.0.0-alpha1] AndroidManifest.xml:21:5-23:61
MERGED from [com.android.support:animated-vector-drawable:26.0.0-alpha1] AndroidManifest.xml:20:5-44
MERGED from [com.android.support:support-vector-drawable:26.0.0-alpha1] AndroidManifest.xml:20:5-44
MERGED from [com.android.support:support-compat:26.0.0-alpha1] AndroidManifest.xml:21:5-23:58
	tools:overrideLibrary
		ADDED from [com.android.support:appcompat-v7:26.0.0-alpha1] AndroidManifest.xml:23:9-75
	android:maxSdkVersion
		ADDED from src\main\AndroidManifest.xml:7:9-35
	android:targetSdkVersion
		ADDED from src\main\AndroidManifest.xml:9:9-38
		INJECTED from src\main\AndroidManifest.xml
		INJECTED from src\main\AndroidManifest.xml
	android:minSdkVersion
		ADDED from src\main\AndroidManifest.xml:8:9-35
		INJECTED from src\main\AndroidManifest.xml
		INJECTED from src\main\AndroidManifest.xml
uses-permission#android.permission.READ_PHONE_STATE
ADDED from src\main\AndroidManifest.xml:12:5-75
	android:name
		ADDED from src\main\AndroidManifest.xml:12:22-72
uses-permission#android.permission.ACCESS_WIFI_STATE
ADDED from src\main\AndroidManifest.xml:13:5-76
	android:name
		ADDED from src\main\AndroidManifest.xml:13:22-73
uses-permission#android.permission.WRITE_SETTINGS
ADDED from src\main\AndroidManifest.xml:14:5-73
	android:name
		ADDED from src\main\AndroidManifest.xml:14:22-70
uses-permission#android.permission.ACCESS_NETWORK_STATE
ADDED from src\main\AndroidManifest.xml:15:5-79
	android:name
		ADDED from src\main\AndroidManifest.xml:15:22-76
uses-permission#android.permission.MOUNT_UNMOUNT_FILESYSTEMS
ADDED from src\main\AndroidManifest.xml:17:5-84
	android:name
		ADDED from src\main\AndroidManifest.xml:17:22-81
uses-permission#android.permission.READ_EXTERNAL_STORAGE
ADDED from src\main\AndroidManifest.xml:18:5-80
	android:name
		ADDED from src\main\AndroidManifest.xml:18:22-77
uses-permission#android.permission.WRITE_EXTERNAL_STORAGE
ADDED from src\main\AndroidManifest.xml:19:5-81
	android:name
		ADDED from src\main\AndroidManifest.xml:19:22-78
uses-permission#android.permission.INTERNET
ADDED from src\main\AndroidManifest.xml:20:5-67
	android:name
		ADDED from src\main\AndroidManifest.xml:20:22-64
uses-permission#android.permission.ACCESS_FINE_LOCATION
ADDED from src\main\AndroidManifest.xml:21:5-79
	android:name
		ADDED from src\main\AndroidManifest.xml:21:22-76
uses-permission#android.permission.VIBRATE
ADDED from src\main\AndroidManifest.xml:22:5-66
	android:name
		ADDED from src\main\AndroidManifest.xml:22:22-63
uses-permission#android.permission.RECORD_AUDIO
ADDED from src\main\AndroidManifest.xml:23:5-71
	android:name
		ADDED from src\main\AndroidManifest.xml:23:22-68
uses-permission#android.permission.RECEIVE_BOOT_COMPLETED
ADDED from src\main\AndroidManifest.xml:25:5-81
	android:name
		ADDED from src\main\AndroidManifest.xml:25:22-78
uses-permission#android.permission.BROADCAST_STICKY
ADDED from src\main\AndroidManifest.xml:26:5-75
	android:name
		ADDED from src\main\AndroidManifest.xml:26:22-72
uses-permission#android.permission.WAKE_LOCK
ADDED from src\main\AndroidManifest.xml:27:5-68
	android:name
		ADDED from src\main\AndroidManifest.xml:27:22-65
uses-permission#android.permission.CAMERA
ADDED from src\main\AndroidManifest.xml:29:5-65
	android:name
		ADDED from src\main\AndroidManifest.xml:29:22-62
uses-feature#android.hardware.camera
ADDED from src\main\AndroidManifest.xml:31:5-33:35
	android:required
		ADDED from src\main\AndroidManifest.xml:33:9-32
	android:name
		ADDED from src\main\AndroidManifest.xml:32:9-47
uses-feature#android.hardware.camera.autofocus
ADDED from src\main\AndroidManifest.xml:34:5-36:35
	android:required
		ADDED from src\main\AndroidManifest.xml:36:9-32
	android:name
		ADDED from src\main\AndroidManifest.xml:35:9-57
application
ADDED from src\main\AndroidManifest.xml:39:5-249:19
MERGED from [com.android.support:appcompat-v7:26.0.0-alpha1] AndroidManifest.xml:29:5-20
MERGED from [com.android.support:support-v4:26.0.0-alpha1] AndroidManifest.xml:29:5-20
MERGED from [com.android.support:support-media-compat:26.0.0-alpha1] AndroidManifest.xml:29:5-20
MERGED from [com.android.support:support-fragment:26.0.0-alpha1] AndroidManifest.xml:29:5-20
MERGED from [com.android.support:support-core-ui:26.0.0-alpha1] AndroidManifest.xml:29:5-20
MERGED from [com.android.support:support-core-utils:26.0.0-alpha1] AndroidManifest.xml:29:5-20
MERGED from [com.android.support:animated-vector-drawable:26.0.0-alpha1] AndroidManifest.xml:26:5-20
MERGED from [com.android.support:support-vector-drawable:26.0.0-alpha1] AndroidManifest.xml:26:5-20
MERGED from [com.android.support:support-compat:26.0.0-alpha1] AndroidManifest.xml:29:5-20
	android:enabled
		ADDED from src\main\AndroidManifest.xml:42:9-31
	android:label
		ADDED from src\main\AndroidManifest.xml:44:9-45
	android:allowBackup
		ADDED from src\main\AndroidManifest.xml:41:9-35
	android:icon
		ADDED from src\main\AndroidManifest.xml:43:9-50
	android:theme
		ADDED from src\main\AndroidManifest.xml:45:9-40
	android:name
		ADDED from src\main\AndroidManifest.xml:40:9-65
activity#cn.breaksky.rounds.publics.activity.WelcomeActivity
ADDED from src\main\AndroidManifest.xml:48:9-56:20
	android:process
		ADDED from src\main\AndroidManifest.xml:50:13-40
	android:name
		ADDED from src\main\AndroidManifest.xml:49:13-79
intent-filter#android.intent.action.MAIN+android.intent.category.LAUNCHER
ADDED from src\main\AndroidManifest.xml:51:13-55:29
action#android.intent.action.MAIN
ADDED from src\main\AndroidManifest.xml:52:17-69
	android:name
		ADDED from src\main\AndroidManifest.xml:52:25-66
category#android.intent.category.LAUNCHER
ADDED from src\main\AndroidManifest.xml:54:17-77
	android:name
		ADDED from src\main\AndroidManifest.xml:54:27-74
activity#cn.breaksky.rounds.publics.activity.MainActivity
ADDED from src\main\AndroidManifest.xml:58:9-60:43
	android:process
		ADDED from src\main\AndroidManifest.xml:60:13-40
	android:name
		ADDED from src\main\AndroidManifest.xml:59:13-76
activity#cn.breaksky.rounds.publics.activity.ConfigActivity
ADDED from src\main\AndroidManifest.xml:62:9-66:20
	android:process
		ADDED from src\main\AndroidManifest.xml:65:13-40
	android:label
		ADDED from src\main\AndroidManifest.xml:64:13-58
	android:name
		ADDED from src\main\AndroidManifest.xml:63:13-78
activity#cn.breaksky.rounds.publics.activity.RegisterAcitvity
ADDED from src\main\AndroidManifest.xml:68:9-71:75
	android:process
		ADDED from src\main\AndroidManifest.xml:70:13-40
	android:windowSoftInputMode
		ADDED from src\main\AndroidManifest.xml:71:13-72
	android:name
		ADDED from src\main\AndroidManifest.xml:69:13-80
activity#cn.breaksky.rounds.publics.activity.ReportActivity
ADDED from src\main\AndroidManifest.xml:73:9-77:16
	android:process
		ADDED from src\main\AndroidManifest.xml:75:13-40
	android:windowSoftInputMode
		ADDED from src\main\AndroidManifest.xml:76:13-72
	android:name
		ADDED from src\main\AndroidManifest.xml:74:13-78
activity#cn.breaksky.rounds.publics.activity.ReportHistoryActivity
ADDED from src\main\AndroidManifest.xml:79:9-84:16
	android:process
		ADDED from src\main\AndroidManifest.xml:81:13-40
	android:label
		ADDED from src\main\AndroidManifest.xml:82:13-33
	android:theme
		ADDED from src\main\AndroidManifest.xml:83:13-56
	android:name
		ADDED from src\main\AndroidManifest.xml:80:13-85
activity#cn.breaksky.rounds.publics.activity.EventActivity
ADDED from src\main\AndroidManifest.xml:86:9-89:75
	android:process
		ADDED from src\main\AndroidManifest.xml:88:13-40
	android:windowSoftInputMode
		ADDED from src\main\AndroidManifest.xml:89:13-72
	android:name
		ADDED from src\main\AndroidManifest.xml:87:13-77
activity#cn.breaksky.rounds.publics.activity.EventProcessActivity
ADDED from src\main\AndroidManifest.xml:91:9-94:75
	android:process
		ADDED from src\main\AndroidManifest.xml:93:13-40
	android:windowSoftInputMode
		ADDED from src\main\AndroidManifest.xml:94:13-72
	android:name
		ADDED from src\main\AndroidManifest.xml:92:13-84
activity#cn.breaksky.rounds.publics.activity.ScanImageActivity
ADDED from src\main\AndroidManifest.xml:96:9-98:43
	android:process
		ADDED from src\main\AndroidManifest.xml:98:13-40
	android:name
		ADDED from src\main\AndroidManifest.xml:97:13-81
activity#cn.breaksky.rounds.publics.activity.MapCordinatesActivity
ADDED from src\main\AndroidManifest.xml:100:9-102:43
	android:process
		ADDED from src\main\AndroidManifest.xml:102:13-40
	android:name
		ADDED from src\main\AndroidManifest.xml:101:13-85
activity#cn.breaksky.rounds.publics.activity.MapActivity
ADDED from src\main\AndroidManifest.xml:104:9-106:43
	android:process
		ADDED from src\main\AndroidManifest.xml:106:13-40
	android:name
		ADDED from src\main\AndroidManifest.xml:105:13-75
activity#cn.breaksky.rounds.publics.activity.MessageActivity
ADDED from src\main\AndroidManifest.xml:108:9-110:43
	android:process
		ADDED from src\main\AndroidManifest.xml:110:13-40
	android:name
		ADDED from src\main\AndroidManifest.xml:109:13-79
activity#cn.breaksky.rounds.publics.activity.NewsActivity
ADDED from src\main\AndroidManifest.xml:112:9-114:43
	android:process
		ADDED from src\main\AndroidManifest.xml:114:13-40
	android:name
		ADDED from src\main\AndroidManifest.xml:113:13-76
activity#cn.breaksky.rounds.publics.activity.PersonInfoActivity
ADDED from src\main\AndroidManifest.xml:117:9-119:43
	android:process
		ADDED from src\main\AndroidManifest.xml:119:13-40
	android:name
		ADDED from src\main\AndroidManifest.xml:118:13-82
activity#cn.breaksky.rounds.publics.activity.CheckPersonActivity
ADDED from src\main\AndroidManifest.xml:121:9-123:43
	android:process
		ADDED from src\main\AndroidManifest.xml:123:13-40
	android:name
		ADDED from src\main\AndroidManifest.xml:122:13-83
activity#cn.breaksky.rounds.publics.activity.MapShowActivity
ADDED from src\main\AndroidManifest.xml:125:9-127:43
	android:process
		ADDED from src\main\AndroidManifest.xml:127:13-40
	android:name
		ADDED from src\main\AndroidManifest.xml:126:13-79
activity#cn.breaksky.rounds.publics.activity.GatherActivity
ADDED from src\main\AndroidManifest.xml:129:9-131:43
	android:process
		ADDED from src\main\AndroidManifest.xml:131:13-40
	android:name
		ADDED from src\main\AndroidManifest.xml:130:13-78
activity#cn.breaksky.rounds.publics.activity.GatherListActivity
ADDED from src\main\AndroidManifest.xml:133:9-135:43
	android:process
		ADDED from src\main\AndroidManifest.xml:135:13-40
	android:name
		ADDED from src\main\AndroidManifest.xml:134:13-82
activity#cn.breaksky.rounds.publics.util.imageselector.ImageSelectorActivity
ADDED from src\main\AndroidManifest.xml:137:9-139:43
	android:process
		ADDED from src\main\AndroidManifest.xml:139:13-40
	android:name
		ADDED from src\main\AndroidManifest.xml:138:13-95
activity#cn.breaksky.rounds.publics.activity.CallListActivity
ADDED from src\main\AndroidManifest.xml:141:9-143:43
	android:process
		ADDED from src\main\AndroidManifest.xml:143:13-40
	android:name
		ADDED from src\main\AndroidManifest.xml:142:13-80
activity#cn.breaksky.rounds.publics.activity.CallActivity
ADDED from src\main\AndroidManifest.xml:145:9-148:75
	android:process
		ADDED from src\main\AndroidManifest.xml:147:13-40
	android:windowSoftInputMode
		ADDED from src\main\AndroidManifest.xml:148:13-72
	android:name
		ADDED from src\main\AndroidManifest.xml:146:13-76
activity#cn.breaksky.rounds.publics.activity.VoiceActivity
ADDED from src\main\AndroidManifest.xml:150:9-152:43
	android:process
		ADDED from src\main\AndroidManifest.xml:152:13-40
	android:name
		ADDED from src\main\AndroidManifest.xml:151:13-77
activity#cn.breaksky.rounds.publics.activity.ReciverActivity
ADDED from src\main\AndroidManifest.xml:154:9-157:75
	android:process
		ADDED from src\main\AndroidManifest.xml:156:13-40
	android:theme
		ADDED from src\main\AndroidManifest.xml:157:13-72
	android:name
		ADDED from src\main\AndroidManifest.xml:155:13-79
service#cn.breaksky.rounds.publics.services.ListenerService
ADDED from src\main\AndroidManifest.xml:160:9-165:19
	android:enabled
		ADDED from src\main\AndroidManifest.xml:162:13-35
	android:process
		ADDED from src\main\AndroidManifest.xml:164:13-40
	android:label
		ADDED from src\main\AndroidManifest.xml:163:13-56
	android:name
		ADDED from src\main\AndroidManifest.xml:161:13-79
receiver#cn.breaksky.rounds.publics.services.ListenerServiceReciver
ADDED from src\main\AndroidManifest.xml:167:9-181:20
	android:process
		ADDED from src\main\AndroidManifest.xml:171:13-40
	android:label
		ADDED from src\main\AndroidManifest.xml:170:13-52
	android:exported
		ADDED from src\main\AndroidManifest.xml:169:13-36
	android:name
		ADDED from src\main\AndroidManifest.xml:168:13-86
intent-filter#android.intent.category.DEFAULT+cn.breaksky.rounds.publics.services.notification_event+cn.breaksky.rounds.publics.services.widget_photo_alarm+cn.breaksky.rounds.publics.services.widget_video_alarm+cn.breaksky.rounds.publics.services.widget_voice_alarm+cn.breaksky.rounds.publics.services_destory
ADDED from src\main\AndroidManifest.xml:172:13-180:29
action#cn.breaksky.rounds.publics.services_destory
ADDED from src\main\AndroidManifest.xml:173:17-86
	android:name
		ADDED from src\main\AndroidManifest.xml:173:25-83
action#cn.breaksky.rounds.publics.services.widget_video_alarm
ADDED from src\main\AndroidManifest.xml:174:17-97
	android:name
		ADDED from src\main\AndroidManifest.xml:174:25-94
action#cn.breaksky.rounds.publics.services.widget_voice_alarm
ADDED from src\main\AndroidManifest.xml:175:17-97
	android:name
		ADDED from src\main\AndroidManifest.xml:175:25-94
action#cn.breaksky.rounds.publics.services.widget_photo_alarm
ADDED from src\main\AndroidManifest.xml:176:17-97
	android:name
		ADDED from src\main\AndroidManifest.xml:176:25-94
action#cn.breaksky.rounds.publics.services.notification_event
ADDED from src\main\AndroidManifest.xml:177:17-97
	android:name
		ADDED from src\main\AndroidManifest.xml:177:25-94
category#android.intent.category.DEFAULT
ADDED from src\main\AndroidManifest.xml:179:17-76
	android:name
		ADDED from src\main\AndroidManifest.xml:179:27-73
receiver#cn.breaksky.rounds.publics.services.sysreciver.BootCompletedReciver
ADDED from src\main\AndroidManifest.xml:182:9-190:20
	android:process
		ADDED from src\main\AndroidManifest.xml:186:13-40
	android:label
		ADDED from src\main\AndroidManifest.xml:185:13-49
	android:exported
		ADDED from src\main\AndroidManifest.xml:184:13-36
	android:name
		ADDED from src\main\AndroidManifest.xml:183:13-95
intent-filter#android.intent.action.BOOT_COMPLETED
ADDED from src\main\AndroidManifest.xml:187:13-189:29
action#android.intent.action.BOOT_COMPLETED
ADDED from src\main\AndroidManifest.xml:188:17-79
	android:name
		ADDED from src\main\AndroidManifest.xml:188:25-76
receiver#cn.breaksky.rounds.publics.services.sysreciver.ConnectivityActionReciver
ADDED from src\main\AndroidManifest.xml:191:9-199:20
	android:process
		ADDED from src\main\AndroidManifest.xml:195:13-40
	android:label
		ADDED from src\main\AndroidManifest.xml:194:13-54
	android:exported
		ADDED from src\main\AndroidManifest.xml:193:13-36
	android:name
		ADDED from src\main\AndroidManifest.xml:192:13-100
intent-filter#android.net.conn.CONNECTIVITY_CHANGE
ADDED from src\main\AndroidManifest.xml:196:13-198:29
action#android.net.conn.CONNECTIVITY_CHANGE
ADDED from src\main\AndroidManifest.xml:197:17-79
	android:name
		ADDED from src\main\AndroidManifest.xml:197:25-76
receiver#cn.breaksky.rounds.publics.services.sysreciver.UserPresentReciver
ADDED from src\main\AndroidManifest.xml:200:9-208:20
	android:process
		ADDED from src\main\AndroidManifest.xml:204:13-40
	android:label
		ADDED from src\main\AndroidManifest.xml:203:13-47
	android:exported
		ADDED from src\main\AndroidManifest.xml:202:13-36
	android:name
		ADDED from src\main\AndroidManifest.xml:201:13-93
intent-filter#android.intent.action.USER_PRESENT
ADDED from src\main\AndroidManifest.xml:205:13-207:29
action#android.intent.action.USER_PRESENT
ADDED from src\main\AndroidManifest.xml:206:17-77
	android:name
		ADDED from src\main\AndroidManifest.xml:206:25-74
receiver#cn.breaksky.rounds.publics.services.sysreciver.MediaMountedReciver
ADDED from src\main\AndroidManifest.xml:209:9-220:20
	android:process
		ADDED from src\main\AndroidManifest.xml:213:13-40
	android:label
		ADDED from src\main\AndroidManifest.xml:212:13-48
	android:exported
		ADDED from src\main\AndroidManifest.xml:211:13-36
	android:name
		ADDED from src\main\AndroidManifest.xml:210:13-94
intent-filter#android.intent.action.MEDIA_EJECT+android.intent.action.MEDIA_MOUNTED
ADDED from src\main\AndroidManifest.xml:214:13-219:29
action#android.intent.action.MEDIA_EJECT
ADDED from src\main\AndroidManifest.xml:215:17-76
	android:name
		ADDED from src\main\AndroidManifest.xml:215:25-73
action#android.intent.action.MEDIA_MOUNTED
ADDED from src\main\AndroidManifest.xml:216:17-78
	android:name
		ADDED from src\main\AndroidManifest.xml:216:25-75
data
ADDED from src\main\AndroidManifest.xml:218:17-47
	android:scheme
		ADDED from src\main\AndroidManifest.xml:218:23-44
service#cn.breaksky.rounds.publics.services.ServiceDaemon
ADDED from src\main\AndroidManifest.xml:222:9-225:19
	android:process
		ADDED from src\main\AndroidManifest.xml:224:13-38
	android:name
		ADDED from src\main\AndroidManifest.xml:223:13-77
receiver#cn.breaksky.rounds.publics.services.ReciverDaemon
ADDED from src\main\AndroidManifest.xml:227:9-230:20
	android:process
		ADDED from src\main\AndroidManifest.xml:229:13-38
	android:name
		ADDED from src\main\AndroidManifest.xml:228:13-77
service#cn.breaksky.rounds.publics.services.ListenerJobService
ADDED from src\main\AndroidManifest.xml:233:9-239:19
	android:enabled
		ADDED from src\main\AndroidManifest.xml:235:13-35
	android:process
		ADDED from src\main\AndroidManifest.xml:238:13-50
	android:label
		ADDED from src\main\AndroidManifest.xml:236:13-59
	android:permission
		ADDED from src\main\AndroidManifest.xml:237:13-69
	android:name
		ADDED from src\main\AndroidManifest.xml:234:13-82
meta-data#com.baidu.lbsapi.API_KEY
ADDED from src\main\AndroidManifest.xml:241:9-243:65
	android:value
		ADDED from src\main\AndroidManifest.xml:243:13-62
	android:name
		ADDED from src\main\AndroidManifest.xml:242:13-52
service#com.baidu.location.f
ADDED from src\main\AndroidManifest.xml:244:8-248:19
	android:enabled
		ADDED from src\main\AndroidManifest.xml:246:17-39
	android:process
		ADDED from src\main\AndroidManifest.xml:247:17-42
	android:name
		ADDED from src\main\AndroidManifest.xml:245:17-52
meta-data#android.support.VERSION
ADDED from [com.android.support:appcompat-v7:26.0.0-alpha1] AndroidManifest.xml:25:5-27:41
MERGED from [com.android.support:support-v4:26.0.0-alpha1] AndroidManifest.xml:25:5-27:41
MERGED from [com.android.support:support-media-compat:26.0.0-alpha1] AndroidManifest.xml:25:5-27:41
MERGED from [com.android.support:support-fragment:26.0.0-alpha1] AndroidManifest.xml:25:5-27:41
MERGED from [com.android.support:support-core-ui:26.0.0-alpha1] AndroidManifest.xml:25:5-27:41
MERGED from [com.android.support:support-core-utils:26.0.0-alpha1] AndroidManifest.xml:25:5-27:41
MERGED from [com.android.support:animated-vector-drawable:26.0.0-alpha1] AndroidManifest.xml:22:5-24:41
MERGED from [com.android.support:support-vector-drawable:26.0.0-alpha1] AndroidManifest.xml:22:5-24:41
MERGED from [com.android.support:support-compat:26.0.0-alpha1] AndroidManifest.xml:25:5-27:41
	android:value
		ADDED from [com.android.support:appcompat-v7:26.0.0-alpha1] AndroidManifest.xml:27:9-38
	android:name
		ADDED from [com.android.support:appcompat-v7:26.0.0-alpha1] AndroidManifest.xml:26:9-47